nohup: ignoring input
**************************************************
Test test/10.tc	: 33507174794933481884152658997958451035626062240204017313240908961673481196476186294208117465486981 100000000
Prime Factorization of 33507174794933481884152658997958451035626062240204017313240908961673481196476186294208117465486981
( 49858990580788843054012690078841 , 672038771836751227845696565342450315062141551559473564642434674541 )
<< runtime 0.13s >>
**************************************************
**************************************************
Test test/11.tc	: 13862080169624720432345371905819993713913838690136733401381263693001418102936707630125285079817959 100000000
Prime Factorization of 13862080169624720432345371905819993713913838690136733401381263693001418102936707630125285079817959
( 7146831801094929757704917464134401 , 1939611922516629203444058938928521328695726603873690611596368359 )
<< runtime 4542.83s >>
**************************************************
**************************************************
Test test/12.tc	: 96707092575142354740427681167850018600034958818094260264091237952196803561489327809344987791919 100000000
Prime Factorization of 96707092575142354740427681167850018600034958818094260264091237952196803561489327809344987791919
( 49858990580788843054012690078841 , 1939611922516629203444058938928521328695726603873690611596368359 )
<< runtime 0.17s >>
**************************************************
**************************************************
Test test/13.tc	: 91471089122145972934002133019378883253103548093158042498835815207074027162754332112314565133 100000000
Prime Factorization of 91471089122145972934002133019378883253103548093158042498835815207074027162754332112314565133
( 7146831801094929757704917464134401 , 12798830540286697738097001413455268308836003073182603569933 )
<< runtime 4321.08s >>
**************************************************
**************************************************
Test test/14.tc	: 638136771353267041594276347447637075425899165853036525655632506346855255827474097827087653 100000000
Prime Factorization of 638136771353267041594276347447637075425899165853036525655632506346855255827474097827087653
( 49858990580788843054012690078841 , 12798830540286697738097001413455268308836003073182603569933 )
<< runtime 0.12s >>
**************************************************
**************************************************
Test test/15.tc	: 9806156528737075006736992039010107556257706482316314539870715363683129135409405144137213353 100000000
Prime Factorization of 9806156528737075006736992039010107556257706482316314539870715363683129135409405144137213353
( 1372098406910139347411473978297737029649599583843164650153 , 7146831801094929757704917464134401 )
<< runtime 0.14s >>
**************************************************
**************************************************
Test test/16.tc	: 68411441546048014926788969531200929291819430845418563380841532191714584636451385752712673 100000000
Prime Factorization of 68411441546048014926788969531200929291819430845418563380841532191714584636451385752712673
( 49858990580788843054012690078841 , 1372098406910139347411473978297737029649599583843164650153 )
<< runtime 0.12s >>
**************************************************
**************************************************
Test test/17.tc	: 4271483709527590104688805379869619532702197371384117588414994027848417937494098088417038081 100000000
Prime Factorization of 4271483709527590104688805379869619532702197371384117588414994027848417937494098088417038081
( 7146831801094929757704917464134401 , 597675141714287694105985276757270027085238116805223111681 )
<< runtime 4337.83s >>
**************************************************
**************************************************
Test test/18.tc	: 29799479261104307075937607480182262611089833271889175735942745764679339762101827238041721 100000000
Prime Factorization of 29799479261104307075937607480182262611089833271889175735942745764679339762101827238041721
( 49858990580788843054012690078841 , 597675141714287694105985276757270027085238116805223111681 )
<< runtime 0.13s >>
**************************************************
**************************************************
Test test/19.tc	: 2555431326824083488582318673917878717207726898149107259714885604244206378950231696056685297 100000000
Prime Factorization of 2555431326824083488582318673917878717207726898149107259714885604244206378950231696056685297
( 7146831801094929757704917464134401 , 357561419933316305231935975632510092006707198190314688497 )
<< runtime 4302.08s >>
**************************************************
**************************************************
Test test/1.tc	: 15770708441 180
Prime Factorization of 15770708441
( 135979 , 115979 )
<< runtime 0.06s >>
**************************************************
**************************************************
Test test/20.tc	: 17827651468508701733216811717401040465343750422375325803622081748600869455757627285791977 100000000
Prime Factorization of 17827651468508701733216811717401040465343750422375325803622081748600869455757627285791977
( 49858990580788843054012690078841 , 357561419933316305231935975632510092006707198190314688497 )
<< runtime 0.12s >>
**************************************************
**************************************************
Test test/21.tc	: 1133473600736659511805773452111493870779050315571487376740207215144935611061439645068301681 100000000
Prime Factorization of 1133473600736659511805773452111493870779050315571487376740207215144935611061439645068301681
( 7146831801094929757704917464134401 , 158598051875658496019605045735778598245626251920942535281 )
<< runtime 4094.93s >>
**************************************************
**************************************************
Test test/22.tc	: 7907538774599917255940512968704137501289585359946968067270843790489862876645746314089321 100000000
Prime Factorization of 7907538774599917255940512968704137501289585359946968067270843790489862876645746314089321
( 49858990580788843054012690078841 , 158598051875658496019605045735778598245626251920942535281 )
<< runtime 0.11s >>
**************************************************
**************************************************
Test test/23.tc	: 735163660238832402141913055828437853467873610080714299906970956107263410361093329285431549 100000000
Prime Factorization of 735163660238832402141913055828437853467873610080714299906970956107263410361093329285431549
( 7146831801094929757704917464134401 , 102865672608413943106458586567808781654205261348077885949 )
<< runtime 4180.81s >>
**************************************************
**************************************************
Test test/24.tc	: 5128778601669419689419065379316206881348955248268222783973995296167576966562501416105109 100000000
Prime Factorization of 5128778601669419689419065379316206881348955248268222783973995296167576966562501416105109
( 49858990580788843054012690078841 , 102865672608413943106458586567808781654205261348077885949 )
<< runtime 0.12s >>
**************************************************
**************************************************
Test test/25.tc	: 29234315924448624014417313827697162373064912996902947928163163255854869823900013602218829 100000000
Prime Factorization of 29234315924448624014417313827697162373064912996902947928163163255854869823900013602218829
( 7146831801094929757704917464134401 , 4090528046283359170676873346935001420047744892805041229 )
<< runtime 4123.49s >>
**************************************************
**************************************************
Test test/26.tc	: 203949599330094593538089567949669617217516753718402437033998707010354224432838265535589 100000000
Prime Factorization of 203949599330094593538089567949669617217516753718402437033998707010354224432838265535589
( 49858990580788843054012690078841 , 4090528046283359170676873346935001420047744892805041229 )
<< runtime 0.12s >>
**************************************************
**************************************************
Test test/27.tc	: 5449940423136625451134103978792081043008412301898557182969808394950095884996320561213073 100000000
Prime Factorization of 5449940423136625451134103978792081043008412301898557182969808394950095884996320561213073
( 7146831801094929757704917464134401 , 762567327007985243550794651781955489819341685725481873 )
<< runtime 4037.94s >>
**************************************************
**************************************************
Test test/28.tc	: 38020837174508461782105349096121743599497611491988590731811913885157534351251086349193 100000000
Prime Factorization of 38020837174508461782105349096121743599497611491988590731811913885157534351251086349193
( 49858990580788843054012690078841 , 762567327007985243550794651781955489819341685725481873 )
<< runtime 0.29s >>
**************************************************
**************************************************
Test test/2.tc	: 376875575426394855599989992897873239 100
Prime Factorization of 376875575426394855599989992897873239
( 430553161739796481 , 875328783798732119 )
<< runtime 0.06s >>
**************************************************
**************************************************
Test test/3.tc	: 70348807 100
Prime Factorization of 70348807
( 7723 , 9109 )
<< runtime 0.06s >>
**************************************************
**************************************************
Test test/4.tc	: 70348807 13
Prime Factorization of 70348807
( 7723 , 9109 )
<< runtime 0.06s >>
**************************************************
**************************************************
Test test/5.tc	: 3801911 100
Prime Factorization of 3801911
( 1801 , 2111 )
<< runtime 0.04s >>
**************************************************
**************************************************
Test test/6.tc	: 54541557732143 1000
Prime Factorization of 54541557732143
( 54001 , 1010010143 )
<< runtime 0.04s >>
**************************************************
**************************************************
Test test/7.tc	: 356333819453274265099661901056957275124918928781133917338510309241 1000
Prime Factorization of 356333819453274265099661901056957275124918928781133917338510309241
( 49858990580788843054012690078841 , 7146831801094929757704917464134401 )
<< runtime 0.10s >>
**************************************************
**************************************************
Test test/8.tc	: 4802948066131673333472194038757901955897781769970549183712721612343130230917481140661614946716984941 100000000
Prime Factorization of 4802948066131673333472194038757901955897781769970549183712721612343130230917481140661614946716984941
( 7146831801094929757704917464134401 , 672038771836751227845696565342450315062141551559473564642434674541 )
<< runtime 4727.87s >>
**************************************************
**************************************************
Test test/9.tc	: 4802948066131673333472194038757901955897781769970549183712721612343130230917481140661614946716984941 100000000
Prime Factorization of 4802948066131673333472194038757901955897781769970549183712721612343130230917481140661614946716984941
( 7146831801094929757704917464134401 , 672038771836751227845696565342450315062141551559473564642434674541 )
<< runtime 4732.25s >>
**************************************************
